# JRE version: OpenJDK Runtime Environment Temurin-21.0.10+7 (21.0.10+7) (build 21.0.10+7-LTS)
# Java VM: OpenJDK 64-Bit Server VM Temurin-21.0.10+7 (21.0.10+7-LTS, mixed mode, sharing, tiered, compressed oops, compressed class ptrs, parallel gc, windows-amd64)
GC Precious Log:
 CardTable entry size: 512
 CPUs: 4 total, 4 available
 Memory: 7739M
 Large Page Support: Disabled
 NUMA Support: Disabled
 Compressed Oops: Enabled (32-bit)
 Alignments: Space 512K, Generation 512K, Heap 2M
 Heap Min Capacity: 100M
 Heap Initial Capacity: 100M
 Heap Max Capacity: 2G
 Pre-touch: Disabled
 Parallel Workers: 4
Heap:
 PSYoungGen      total 11264K, used 10438K [0x00000000d5580000, 0x00000000d6700000, 0x0000000100000000)
  eden space 10752K, 95% used [0x00000000d5580000,0x00000000d5f89820,0x00000000d6000000)
  from space 512K, 31% used [0x00000000d6680000,0x00000000d66a8000,0x00000000d6700000)
  to   space 1024K, 0% used [0x00000000d6500000,0x00000000d6500000,0x00000000d6600000)
 ParOldGen       total 1093632K, used 1093124K [0x0000000080000000, 0x00000000c2c00000, 0x00000000d5580000)
  object space 1093632K, 99% used [0x0000000080000000,0x00000000c2b81298,0x00000000c2c00000)
 Metaspace       used 97870K, committed 99712K, reserved 1179648K
  class space    used 9674K, committed 10496K, reserved 1048576K
GC Heap History (20 events):
Event: 7433.604 GC heap before
{Heap before GC invocations=3352 (full 6):
 PSYoungGen      total 8192K, used 7758K [0x00000000d5580000, 0x00000000d6180000, 0x0000000100000000)
  eden space 5632K, 100% used [0x00000000d5580000,0x00000000d5b00000,0x00000000d5b00000)
  from space 2560K, 83% used [0x00000000d5d80000,0x00000000d5f938a0,0x00000000d6000000)
  to   space 2560K, 0% used [0x00000000d5b00000,0x00000000d5b00000,0x00000000d5d80000)
 ParOldGen       total 1058304K, used 1058111K [0x0000000080000000, 0x00000000c0980000, 0x00000000d5580000)
  object space 1058304K, 99% used [0x0000000080000000,0x00000000c094fd70,0x00000000c0980000)
 Metaspace       used 97813K, committed 99648K, reserved 1179648K
  class space    used 9671K, committed 10496K, reserved 1048576K
}
Event: 7433.613 GC heap after
{Heap after GC invocations=3352 (full 6):
 PSYoungGen      total 8192K, used 2555K [0x00000000d5580000, 0x00000000d6600000, 0x0000000100000000)
  eden space 5632K, 0% used [0x00000000d5580000,0x00000000d5580000,0x00000000d5b00000)
  from space 2560K, 99% used [0x00000000d5b00000,0x00000000d5d7ee58,0x00000000d5d80000)
  to   space 5632K, 0% used [0x00000000d6080000,0x00000000d6080000,0x00000000d6600000)
 ParOldGen       total 1060864K, used 1060356K [0x0000000080000000, 0x00000000c0c00000, 0x00000000d5580000)
  object space 1060864K, 99% used [0x0000000080000000,0x00000000c0b81138,0x00000000c0c00000)
 Metaspace       used 97813K, committed 99648K, reserved 1179648K
  class space    used 9671K, committed 10496K, reserved 1048576K
}
Event: 7433.663 GC heap before
{Heap before GC invocations=3353 (full 6):
 PSYoungGen      total 8192K, used 8187K [0x00000000d5580000, 0x00000000d6600000, 0x0000000100000000)
  eden space 5632K, 100% used [0x00000000d5580000,0x00000000d5b00000,0x00000000d5b00000)
  from space 2560K, 99% used [0x00000000d5b00000,0x00000000d5d7ee58,0x00000000d5d80000)
  to   space 5632K, 0% used [0x00000000d6080000,0x00000000d6080000,0x00000000d6600000)
 ParOldGen       total 1060864K, used 1060356K [0x0000000080000000, 0x00000000c0c00000, 0x00000000d5580000)
  object space 1060864K, 99% used [0x0000000080000000,0x00000000c0b81138,0x00000000c0c00000)
 Metaspace       used 97813K, committed 99648K, reserved 1179648K
  class space    used 9671K, committed 10496K, reserved 1048576K
}
Event: 7433.676 GC heap after
{Heap after GC invocations=3353 (full 6):
 PSYoungGen      total 8192K, used 2537K [0x00000000d5580000, 0x00000000d6300000, 0x0000000100000000)
  eden space 5632K, 0% used [0x00000000d5580000,0x00000000d5580000,0x00000000d5b00000)
  from space 2560K, 99% used [0x00000000d6080000,0x00000000d62fa460,0x00000000d6300000)
  to   space 3584K, 0% used [0x00000000d5c00000,0x00000000d5c00000,0x00000000d5f80000)
 ParOldGen       total 1062912K, used 1062836K [0x0000000080000000, 0x00000000c0e00000, 0x00000000d5580000)
  object space 1062912K, 99% used [0x0000000080000000,0x00000000c0ded358,0x00000000c0e00000)
 Metaspace       used 97813K, committed 99648K, reserved 1179648K
  class space    used 9671K, committed 10496K, reserved 1048576K
}
Event: 7433.696 GC heap before
{Heap before GC invocations=3354 (full 6):
 PSYoungGen      total 8192K, used 8169K [0x00000000d5580000, 0x00000000d6300000, 0x0000000100000000)
  eden space 5632K, 100% used [0x00000000d5580000,0x00000000d5b00000,0x00000000d5b00000)
  from space 2560K, 99% used [0x00000000d6080000,0x00000000d62fa460,0x00000000d6300000)
  to   space 3584K, 0% used [0x00000000d5c00000,0x00000000d5c00000,0x00000000d5f80000)
 ParOldGen       total 1062912K, used 1062836K [0x0000000080000000, 0x00000000c0e00000, 0x00000000d5580000)
  object space 1062912K, 99% used [0x0000000080000000,0x00000000c0ded358,0x00000000c0e00000)
 Metaspace       used 97813K, committed 99648K, reserved 1179648K
  class space    used 9671K, committed 10496K, reserved 1048576K
}
Event: 7433.714 GC heap after
{Heap after GC invocations=3354 (full 6):
 PSYoungGen      total 10240K, used 3584K [0x00000000d5580000, 0x00000000d6b80000, 0x0000000100000000)
  eden space 6656K, 0% used [0x00000000d5580000,0x00000000d5580000,0x00000000d5c00000)
  from space 3584K, 100% used [0x00000000d5c00000,0x00000000d5f80000,0x00000000d5f80000)
  to   space 7680K, 0% used [0x00000000d6400000,0x00000000d6400000,0x00000000d6b80000)
 ParOldGen       total 1066496K, used 1066077K [0x0000000080000000, 0x00000000c1180000, 0x00000000d5580000)
  object space 1066496K, 99% used [0x0000000080000000,0x00000000c11177c8,0x00000000c1180000)
 Metaspace       used 97813K, committed 99648K, reserved 1179648K
  class space    used 9671K, committed 10496K, reserved 1048576K
}
Event: 7433.758 GC heap before
{Heap before GC invocations=3355 (full 6):
 PSYoungGen      total 10240K, used 10240K [0x00000000d5580000, 0x00000000d6b80000, 0x0000000100000000)
  eden space 6656K, 100% used [0x00000000d5580000,0x00000000d5c00000,0x00000000d5c00000)
  from space 3584K, 100% used [0x00000000d5c00000,0x00000000d5f80000,0x00000000d5f80000)
  to   space 7680K, 0% used [0x00000000d6400000,0x00000000d6400000,0x00000000d6b80000)
 ParOldGen       total 1066496K, used 1066077K [0x0000000080000000, 0x00000000c1180000, 0x00000000d5580000)
  object space 1066496K, 99% used [0x0000000080000000,0x00000000c11177c8,0x00000000c1180000)
 Metaspace       used 97813K, committed 99648K, reserved 1179648K
  class space    used 9671K, committed 10496K, reserved 1048576K
}
Event: 7433.776 GC heap after
{Heap after GC invocations=3355 (full 6):
 PSYoungGen      total 12288K, used 4000K [0x00000000d5580000, 0x00000000d6800000, 0x0000000100000000)
  eden space 8192K, 0% used [0x00000000d5580000,0x00000000d5580000,0x00000000d5d80000)
  from space 4096K, 97% used [0x00000000d6400000,0x00000000d67e8000,0x00000000d6800000)
  to   space 5120K, 0% used [0x00000000d5e00000,0x00000000d5e00000,0x00000000d6300000)
 ParOldGen       total 1070080K, used 1069681K [0x0000000080000000, 0x00000000c1500000, 0x00000000d5580000)
  object space 1070080K, 99% used [0x0000000080000000,0x00000000c149c7e8,0x00000000c1500000)
 Metaspace       used 97813K, committed 99648K, reserved 1179648K
  class space    used 9671K, committed 10496K, reserved 1048576K
}
Event: 7433.864 GC heap before
{Heap before GC invocations=3356 (full 6):
 PSYoungGen      total 12288K, used 11910K [0x00000000d5580000, 0x00000000d6800000, 0x0000000100000000)
  eden space 8192K, 96% used [0x00000000d5580000,0x00000000d5d39948,0x00000000d5d80000)
  from space 4096K, 97% used [0x00000000d6400000,0x00000000d67e8000,0x00000000d6800000)
  to   space 5120K, 0% used [0x00000000d5e00000,0x00000000d5e00000,0x00000000d6300000)
 ParOldGen       total 1070080K, used 1069681K [0x0000000080000000, 0x00000000c1500000, 0x00000000d5580000)
  object space 1070080K, 99% used [0x0000000080000000,0x00000000c149c7e8,0x00000000c1500000)
 Metaspace       used 97813K, committed 99648K, reserved 1179648K
  class space    used 9671K, committed 10496K, reserved 1048576K
}
Event: 7433.888 GC heap after
{Heap after GC invocations=3356 (full 6):
 PSYoungGen      total 13824K, used 5113K [0x00000000d5580000, 0x00000000d7680000, 0x0000000100000000)
  eden space 8704K, 0% used [0x00000000d5580000,0x00000000d5580000,0x00000000d5e00000)
  from space 5120K, 99% used [0x00000000d5e00000,0x00000000d62fe400,0x00000000d6300000)
  to   space 11776K, 0% used [0x00000000d6b00000,0x00000000d6b00000,0x00000000d7680000)
 ParOldGen       total 1075200K, used 1075048K [0x0000000080000000, 0x00000000c1a00000, 0x00000000d5580000)
  object space 1075200K, 99% used [0x0000000080000000,0x00000000c19da2d8,0x00000000c1a00000)
 Metaspace       used 97813K, committed 99648K, reserved 1179648K
  class space    used 9671K, committed 10496K, reserved 1048576K
}
Event: 7434.173 GC heap before
{Heap before GC invocations=3357 (full 6):
 PSYoungGen      total 13824K, used 13817K [0x00000000d5580000, 0x00000000d7680000, 0x0000000100000000)
  eden space 8704K, 100% used [0x00000000d5580000,0x00000000d5e00000,0x00000000d5e00000)
  from space 5120K, 99% used [0x00000000d5e00000,0x00000000d62fe400,0x00000000d6300000)
  to   space 11776K, 0% used [0x00000000d6b00000,0x00000000d6b00000,0x00000000d7680000)
 ParOldGen       total 1075200K, used 1075048K [0x0000000080000000, 0x00000000c1a00000, 0x00000000d5580000)
  object space 1075200K, 99% used [0x0000000080000000,0x00000000c19da2d8,0x00000000c1a00000)
 Metaspace       used 97816K, committed 99648K, reserved 1179648K
  class space    used 9671K, committed 10496K, reserved 1048576K
}
Event: 7434.204 GC heap after
{Heap after GC invocations=3357 (full 6):
 PSYoungGen      total 17408K, used 6210K [0x00000000d5580000, 0x00000000d7180000, 0x0000000100000000)
  eden space 10752K, 0% used [0x00000000d5580000,0x00000000d5580000,0x00000000d6000000)
  from space 6656K, 93% used [0x00000000d6b00000,0x00000000d7110b40,0x00000000d7180000)
  to   space 8192K, 0% used [0x00000000d6180000,0x00000000d6180000,0x00000000d6980000)
 ParOldGen       total 1080320K, used 1079836K [0x0000000080000000, 0x00000000c1f00000, 0x00000000d5580000)
  object space 1080320K, 99% used [0x0000000080000000,0x00000000c1e873c8,0x00000000c1f00000)
 Metaspace       used 97816K, committed 99648K, reserved 1179648K
  class space    used 9671K, committed 10496K, reserved 1048576K
}
Event: 7437.057 GC heap before
{Heap before GC invocations=3358 (full 6):
 PSYoungGen      total 17408K, used 16962K [0x00000000d5580000, 0x00000000d7180000, 0x0000000100000000)
  eden space 10752K, 100% used [0x00000000d5580000,0x00000000d6000000,0x00000000d6000000)
  from space 6656K, 93% used [0x00000000d6b00000,0x00000000d7110b40,0x00000000d7180000)
  to   space 8192K, 0% used [0x00000000d6180000,0x00000000d6180000,0x00000000d6980000)
 ParOldGen       total 1080320K, used 1079836K [0x0000000080000000, 0x00000000c1f00000, 0x00000000d5580000)
  object space 1080320K, 99% used [0x0000000080000000,0x00000000c1e873c8,0x00000000c1f00000)
 Metaspace       used 97820K, committed 99648K, reserved 1179648K
  class space    used 9671K, committed 10496K, reserved 1048576K
}
Event: 7437.086 GC heap after
{Heap after GC invocations=3358 (full 6):
 PSYoungGen      total 16896K, used 5656K [0x00000000d5580000, 0x00000000d6c00000, 0x0000000100000000)
  eden space 10752K, 0% used [0x00000000d5580000,0x00000000d5580000,0x00000000d6000000)
  from space 6144K, 92% used [0x00000000d6180000,0x00000000d67062e0,0x00000000d6780000)
  to   space 4608K, 0% used [0x00000000d6780000,0x00000000d6780000,0x00000000d6c00000)
 ParOldGen       total 1086464K, used 1086031K [0x0000000080000000, 0x00000000c2500000, 0x00000000d5580000)
  object space 1086464K, 99% used [0x0000000080000000,0x00000000c2493f08,0x00000000c2500000)
 Metaspace       used 97820K, committed 99648K, reserved 1179648K
  class space    used 9671K, committed 10496K, reserved 1048576K
}
Event: 7437.160 GC heap before
{Heap before GC invocations=3359 (full 6):
 PSYoungGen      total 16896K, used 16408K [0x00000000d5580000, 0x00000000d6c00000, 0x0000000100000000)
  eden space 10752K, 100% used [0x00000000d5580000,0x00000000d6000000,0x00000000d6000000)
  from space 6144K, 92% used [0x00000000d6180000,0x00000000d67062e0,0x00000000d6780000)
  to   space 4608K, 0% used [0x00000000d6780000,0x00000000d6780000,0x00000000d6c00000)
 ParOldGen       total 1086464K, used 1086031K [0x0000000080000000, 0x00000000c2500000, 0x00000000d5580000)
  object space 1086464K, 99% used [0x0000000080000000,0x00000000c2493f08,0x00000000c2500000)
 Metaspace       used 97820K, committed 99648K, reserved 1179648K
  class space    used 9671K, committed 10496K, reserved 1048576K
}
Event: 7437.178 GC heap after
{Heap after GC invocations=3359 (full 6):
 PSYoungGen      total 12288K, used 1344K [0x00000000d5580000, 0x00000000d6900000, 0x0000000100000000)
  eden space 10752K, 0% used [0x00000000d5580000,0x00000000d5580000,0x00000000d6000000)
  from space 1536K, 87% used [0x00000000d6780000,0x00000000d68d0020,0x00000000d6900000)
  to   space 3072K, 0% used [0x00000000d6300000,0x00000000d6300000,0x00000000d6600000)
 ParOldGen       total 1092096K, used 1091673K [0x0000000080000000, 0x00000000c2a80000, 0x00000000d5580000)
  object space 1092096K, 99% used [0x0000000080000000,0x00000000c2a167e8,0x00000000c2a80000)
 Metaspace       used 97820K, committed 99648K, reserved 1179648K
  class space    used 9671K, committed 10496K, reserved 1048576K
}
Event: 7437.209 GC heap before
{Heap before GC invocations=3360 (full 6):
 PSYoungGen      total 12288K, used 12096K [0x00000000d5580000, 0x00000000d6900000, 0x0000000100000000)
  eden space 10752K, 100% used [0x00000000d5580000,0x00000000d6000000,0x00000000d6000000)
  from space 1536K, 87% used [0x00000000d6780000,0x00000000d68d0020,0x00000000d6900000)
  to   space 3072K, 0% used [0x00000000d6300000,0x00000000d6300000,0x00000000d6600000)
 ParOldGen       total 1092096K, used 1091673K [0x0000000080000000, 0x00000000c2a80000, 0x00000000d5580000)
  object space 1092096K, 99% used [0x0000000080000000,0x00000000c2a167e8,0x00000000c2a80000)
 Metaspace       used 97820K, committed 99648K, reserved 1179648K
  class space    used 9671K, committed 10496K, reserved 1048576K
}
Event: 7437.218 GC heap after
{Heap after GC invocations=3360 (full 6):
 PSYoungGen      total 13824K, used 1187K [0x00000000d5580000, 0x00000000d6800000, 0x0000000100000000)
  eden space 10752K, 0% used [0x00000000d5580000,0x00000000d5580000,0x00000000d6000000)
  from space 3072K, 38% used [0x00000000d6300000,0x00000000d6428f00,0x00000000d6600000)
  to   space 1536K, 0% used [0x00000000d6680000,0x00000000d6680000,0x00000000d6800000)
 ParOldGen       total 1093120K, used 1092902K [0x0000000080000000, 0x00000000c2b80000, 0x00000000d5580000)
  object space 1093120K, 99% used [0x0000000080000000,0x00000000c2b49818,0x00000000c2b80000)
 Metaspace       used 97820K, committed 99648K, reserved 1179648K
  class space    used 9671K, committed 10496K, reserved 1048576K
}
Event: 7440.957 GC heap before
{Heap before GC invocations=3361 (full 6):
 PSYoungGen      total 13824K, used 11939K [0x00000000d5580000, 0x00000000d6800000, 0x0000000100000000)
  eden space 10752K, 100% used [0x00000000d5580000,0x00000000d6000000,0x00000000d6000000)
  from space 3072K, 38% used [0x00000000d6300000,0x00000000d6428f00,0x00000000d6600000)
  to   space 1536K, 0% used [0x00000000d6680000,0x00000000d6680000,0x00000000d6800000)
 ParOldGen       total 1093120K, used 1092902K [0x0000000080000000, 0x00000000c2b80000, 0x00000000d5580000)
  object space 1093120K, 99% used [0x0000000080000000,0x00000000c2b49818,0x00000000c2b80000)
 Metaspace       used 97856K, committed 99648K, reserved 1179648K
  class space    used 9674K, committed 10496K, reserved 1048576K
}
Event: 7440.978 GC heap after
{Heap after GC invocations=3361 (full 6):
 PSYoungGen      total 11264K, used 160K [0x00000000d5580000, 0x00000000d6700000, 0x0000000100000000)
  eden space 10752K, 0% used [0x00000000d5580000,0x00000000d5580000,0x00000000d6000000)
  from space 512K, 31% used [0x00000000d6680000,0x00000000d66a8000,0x00000000d6700000)
  to   space 1024K, 0% used [0x00000000d6500000,0x00000000d6500000,0x00000000d6600000)
 ParOldGen       total 1093632K, used 1093124K [0x0000000080000000, 0x00000000c2c00000, 0x00000000d5580000)
  object space 1093632K, 99% used [0x0000000080000000,0x00000000c2b81298,0x00000000c2c00000)
 Metaspace       used 97856K, committed 99648K, reserved 1179648K
  class space    used 9674K, committed 10496K, reserved 1048576K
}

